{"D:\\kevin\\Documents\\Cosas_kevin\\Semestre 7\\Desarrollo_2\\Trabajo_final_DS2\\DS2-Restaurant-Backend\\src\\index.js": {"path":"D:\\kevin\\Documents\\Cosas_kevin\\Semestre 7\\Desarrollo_2\\Trabajo_final_DS2\\DS2-Restaurant-Backend\\src\\index.js","statementMap":{"0":{"start":{"line":1,"column":16},"end":{"line":1,"column":34}},"1":{"start":{"line":2,"column":0},"end":{"line":2,"column":27}},"2":{"start":{"line":3,"column":13},"end":{"line":3,"column":28}},"3":{"start":{"line":4,"column":20},"end":{"line":4,"column":48}},"4":{"start":{"line":5,"column":14},"end":{"line":5,"column":39}},"5":{"start":{"line":8,"column":12},"end":{"line":8,"column":21}},"6":{"start":{"line":12,"column":0},"end":{"line":18,"column":7}},"7":{"start":{"line":13,"column":19},"end":{"line":13,"column":36}},"8":{"start":{"line":15,"column":16},"end":{"line":15,"column":106}},"9":{"start":{"line":16,"column":4},"end":{"line":16,"column":39}},"10":{"start":{"line":17,"column":4},"end":{"line":17,"column":23}},"11":{"start":{"line":20,"column":13},"end":{"line":20,"column":37}},"12":{"start":{"line":23,"column":0},"end":{"line":23,"column":24}},"13":{"start":{"line":26,"column":0},"end":{"line":26,"column":22}},"14":{"start":{"line":28,"column":0},"end":{"line":28,"column":16}},"15":{"start":{"line":30,"column":0},"end":{"line":32,"column":3}},"16":{"start":{"line":31,"column":4},"end":{"line":31,"column":31}},"17":{"start":{"line":34,"column":15},"end":{"line":34,"column":88}},"18":{"start":{"line":34,"column":39},"end":{"line":34,"column":85}},"19":{"start":{"line":36,"column":0},"end":{"line":39,"column":1}}},"fnMap":{"0":{"name":"(anonymous_0)","decl":{"start":{"line":12,"column":1},"end":{"line":12,"column":2}},"loc":{"start":{"line":12,"column":13},"end":{"line":18,"column":3}},"line":12},"1":{"name":"(anonymous_1)","decl":{"start":{"line":30,"column":13},"end":{"line":30,"column":14}},"loc":{"start":{"line":30,"column":26},"end":{"line":32,"column":1}},"line":30},"2":{"name":"(anonymous_2)","decl":{"start":{"line":34,"column":32},"end":{"line":34,"column":33}},"loc":{"start":{"line":34,"column":38},"end":{"line":34,"column":87}},"line":34}},"branchMap":{"0":{"loc":{"start":{"line":20,"column":13},"end":{"line":20,"column":37}},"type":"binary-expr","locations":[{"start":{"line":20,"column":13},"end":{"line":20,"column":29}},{"start":{"line":20,"column":33},"end":{"line":20,"column":37}}],"line":20}},"s":{"0":1,"1":1,"2":1,"3":1,"4":1,"5":1,"6":1,"7":1,"8":1,"9":1,"10":1,"11":1,"12":1,"13":1,"14":1,"15":1,"16":0,"17":1,"18":1,"19":1},"f":{"0":1,"1":0,"2":1},"b":{"0":[1,1]},"_coverageSchema":"1a1c01bbd47fc00a2c39e90264f33305004495a9","hash":"79e26f8f8cd46b05b2ba10f935c2dbe65994487d"}
,"D:\\kevin\\Documents\\Cosas_kevin\\Semestre 7\\Desarrollo_2\\Trabajo_final_DS2\\DS2-Restaurant-Backend\\src\\config\\database.js": {"path":"D:\\kevin\\Documents\\Cosas_kevin\\Semestre 7\\Desarrollo_2\\Trabajo_final_DS2\\DS2-Restaurant-Backend\\src\\config\\database.js","statementMap":{"0":{"start":{"line":1,"column":19},"end":{"line":1,"column":32}},"1":{"start":{"line":2,"column":0},"end":{"line":2,"column":27}},"2":{"start":{"line":5,"column":0},"end":{"line":16,"column":4}},"3":{"start":{"line":6,"column":15},"end":{"line":13,"column":6}},"4":{"start":{"line":14,"column":4},"end":{"line":14,"column":27}},"5":{"start":{"line":15,"column":4},"end":{"line":15,"column":18}}},"fnMap":{"0":{"name":"(anonymous_0)","decl":{"start":{"line":5,"column":27},"end":{"line":5,"column":28}},"loc":{"start":{"line":5,"column":39},"end":{"line":16,"column":3}},"line":5}},"branchMap":{},"s":{"0":1,"1":1,"2":1,"3":8,"4":8,"5":8},"f":{"0":8},"b":{},"_coverageSchema":"1a1c01bbd47fc00a2c39e90264f33305004495a9","hash":"ce26cf3a76243e12f9d5e72c1f4f9e7f0b08af4c"}
,"D:\\kevin\\Documents\\Cosas_kevin\\Semestre 7\\Desarrollo_2\\Trabajo_final_DS2\\DS2-Restaurant-Backend\\src\\controller\\orders.js": {"path":"D:\\kevin\\Documents\\Cosas_kevin\\Semestre 7\\Desarrollo_2\\Trabajo_final_DS2\\DS2-Restaurant-Backend\\src\\controller\\orders.js","statementMap":{"0":{"start":{"line":1,"column":20},"end":{"line":1,"column":49}},"1":{"start":{"line":3,"column":21},"end":{"line":7,"column":1}},"2":{"start":{"line":4,"column":17},"end":{"line":4,"column":34}},"3":{"start":{"line":5,"column":21},"end":{"line":5,"column":84}},"4":{"start":{"line":6,"column":4},"end":{"line":6,"column":40}},"5":{"start":{"line":11,"column":23},"end":{"line":23,"column":1}},"6":{"start":{"line":12,"column":17},"end":{"line":12,"column":34}},"7":{"start":{"line":13,"column":84},"end":{"line":13,"column":92}},"8":{"start":{"line":14,"column":22},"end":{"line":16,"column":81}},"9":{"start":{"line":17,"column":4},"end":{"line":22,"column":6}},"10":{"start":{"line":25,"column":22},"end":{"line":43,"column":3}},"11":{"start":{"line":26,"column":17},"end":{"line":26,"column":34}},"12":{"start":{"line":27,"column":4},"end":{"line":42,"column":5}},"13":{"start":{"line":28,"column":21},"end":{"line":28,"column":31}},"14":{"start":{"line":29,"column":24},"end":{"line":29,"column":32}},"15":{"start":{"line":31,"column":21},"end":{"line":34,"column":7}},"16":{"start":{"line":36,"column":6},"end":{"line":37,"column":72}},"17":{"start":{"line":37,"column":8},"end":{"line":37,"column":72}},"18":{"start":{"line":39,"column":6},"end":{"line":39,"column":38}},"19":{"start":{"line":41,"column":6},"end":{"line":41,"column":18}},"20":{"start":{"line":46,"column":0},"end":{"line":52,"column":2}}},"fnMap":{"0":{"name":"(anonymous_0)","decl":{"start":{"line":3,"column":21},"end":{"line":3,"column":22}},"loc":{"start":{"line":3,"column":41},"end":{"line":7,"column":1}},"line":3},"1":{"name":"(anonymous_1)","decl":{"start":{"line":11,"column":23},"end":{"line":11,"column":24}},"loc":{"start":{"line":11,"column":43},"end":{"line":23,"column":1}},"line":11},"2":{"name":"(anonymous_2)","decl":{"start":{"line":25,"column":22},"end":{"line":25,"column":23}},"loc":{"start":{"line":25,"column":42},"end":{"line":43,"column":3}},"line":25}},"branchMap":{"0":{"loc":{"start":{"line":36,"column":6},"end":{"line":37,"column":72}},"type":"if","locations":[{"start":{"line":36,"column":6},"end":{"line":37,"column":72}},{"start":{},"end":{}}],"line":36}},"s":{"0":1,"1":1,"2":1,"3":1,"4":1,"5":1,"6":1,"7":1,"8":1,"9":1,"10":1,"11":0,"12":0,"13":0,"14":0,"15":0,"16":0,"17":0,"18":0,"19":0,"20":1},"f":{"0":1,"1":1,"2":0},"b":{"0":[0,0]},"_coverageSchema":"1a1c01bbd47fc00a2c39e90264f33305004495a9","hash":"7bf27689d8d25429fc7bce43b9eb882d70f32967"}
,"D:\\kevin\\Documents\\Cosas_kevin\\Semestre 7\\Desarrollo_2\\Trabajo_final_DS2\\DS2-Restaurant-Backend\\src\\controller\\products.js": {"path":"D:\\kevin\\Documents\\Cosas_kevin\\Semestre 7\\Desarrollo_2\\Trabajo_final_DS2\\DS2-Restaurant-Backend\\src\\controller\\products.js","statementMap":{"0":{"start":{"line":1,"column":20},"end":{"line":1,"column":49}},"1":{"start":{"line":5,"column":23},"end":{"line":10,"column":1}},"2":{"start":{"line":6,"column":17},"end":{"line":6,"column":34}},"3":{"start":{"line":7,"column":21},"end":{"line":7,"column":89}},"4":{"start":{"line":8,"column":4},"end":{"line":8,"column":40}},"5":{"start":{"line":13,"column":26},"end":{"line":27,"column":1}},"6":{"start":{"line":14,"column":17},"end":{"line":14,"column":34}},"7":{"start":{"line":15,"column":4},"end":{"line":26,"column":3}},"8":{"start":{"line":16,"column":42},"end":{"line":16,"column":50}},"9":{"start":{"line":17,"column":22},"end":{"line":17,"column":141}},"10":{"start":{"line":18,"column":4},"end":{"line":23,"column":6}},"11":{"start":{"line":25,"column":4},"end":{"line":25,"column":16}},"12":{"start":{"line":29,"column":0},"end":{"line":32,"column":2}}},"fnMap":{"0":{"name":"(anonymous_0)","decl":{"start":{"line":5,"column":23},"end":{"line":5,"column":24}},"loc":{"start":{"line":5,"column":42},"end":{"line":10,"column":1}},"line":5},"1":{"name":"(anonymous_1)","decl":{"start":{"line":13,"column":26},"end":{"line":13,"column":27}},"loc":{"start":{"line":13,"column":46},"end":{"line":27,"column":1}},"line":13}},"branchMap":{},"s":{"0":1,"1":1,"2":1,"3":1,"4":1,"5":1,"6":1,"7":1,"8":1,"9":1,"10":1,"11":0,"12":1},"f":{"0":1,"1":1},"b":{},"_coverageSchema":"1a1c01bbd47fc00a2c39e90264f33305004495a9","hash":"f5c358b65297be81579e5e353a33aca974ddbfb5"}
,"D:\\kevin\\Documents\\Cosas_kevin\\Semestre 7\\Desarrollo_2\\Trabajo_final_DS2\\DS2-Restaurant-Backend\\src\\controller\\user.js": {"path":"D:\\kevin\\Documents\\Cosas_kevin\\Semestre 7\\Desarrollo_2\\Trabajo_final_DS2\\DS2-Restaurant-Backend\\src\\controller\\user.js","statementMap":{"0":{"start":{"line":1,"column":20},"end":{"line":1,"column":49}},"1":{"start":{"line":4,"column":21},"end":{"line":9,"column":1}},"2":{"start":{"line":5,"column":17},"end":{"line":5,"column":34}},"3":{"start":{"line":6,"column":21},"end":{"line":6,"column":86}},"4":{"start":{"line":7,"column":4},"end":{"line":7,"column":40}},"5":{"start":{"line":12,"column":23},"end":{"line":17,"column":1}},"6":{"start":{"line":13,"column":17},"end":{"line":13,"column":34}},"7":{"start":{"line":14,"column":15},"end":{"line":14,"column":46}},"8":{"start":{"line":15,"column":21},"end":{"line":15,"column":90}},"9":{"start":{"line":16,"column":4},"end":{"line":16,"column":35}},"10":{"start":{"line":19,"column":25},"end":{"line":29,"column":1}},"11":{"start":{"line":20,"column":17},"end":{"line":20,"column":34}},"12":{"start":{"line":21,"column":28},"end":{"line":21,"column":36}},"13":{"start":{"line":22,"column":21},"end":{"line":22,"column":108}},"14":{"start":{"line":23,"column":4},"end":{"line":28,"column":6}},"15":{"start":{"line":31,"column":26},"end":{"line":49,"column":3}},"16":{"start":{"line":32,"column":17},"end":{"line":32,"column":34}},"17":{"start":{"line":33,"column":4},"end":{"line":48,"column":5}},"18":{"start":{"line":34,"column":21},"end":{"line":34,"column":31}},"19":{"start":{"line":35,"column":24},"end":{"line":35,"column":32}},"20":{"start":{"line":37,"column":21},"end":{"line":40,"column":7}},"21":{"start":{"line":42,"column":6},"end":{"line":43,"column":72}},"22":{"start":{"line":43,"column":8},"end":{"line":43,"column":72}},"23":{"start":{"line":45,"column":6},"end":{"line":45,"column":38}},"24":{"start":{"line":47,"column":6},"end":{"line":47,"column":18}},"25":{"start":{"line":51,"column":24},"end":{"line":57,"column":1}},"26":{"start":{"line":52,"column":15},"end":{"line":52,"column":38}},"27":{"start":{"line":53,"column":4},"end":{"line":55,"column":7}},"28":{"start":{"line":56,"column":4},"end":{"line":56,"column":48}},"29":{"start":{"line":58,"column":0},"end":{"line":65,"column":1}}},"fnMap":{"0":{"name":"(anonymous_0)","decl":{"start":{"line":4,"column":21},"end":{"line":4,"column":22}},"loc":{"start":{"line":4,"column":40},"end":{"line":9,"column":1}},"line":4},"1":{"name":"(anonymous_1)","decl":{"start":{"line":12,"column":23},"end":{"line":12,"column":24}},"loc":{"start":{"line":12,"column":44},"end":{"line":17,"column":1}},"line":12},"2":{"name":"(anonymous_2)","decl":{"start":{"line":19,"column":25},"end":{"line":19,"column":26}},"loc":{"start":{"line":19,"column":45},"end":{"line":29,"column":1}},"line":19},"3":{"name":"(anonymous_3)","decl":{"start":{"line":31,"column":26},"end":{"line":31,"column":27}},"loc":{"start":{"line":31,"column":46},"end":{"line":49,"column":3}},"line":31},"4":{"name":"(anonymous_4)","decl":{"start":{"line":51,"column":24},"end":{"line":51,"column":25}},"loc":{"start":{"line":51,"column":44},"end":{"line":57,"column":1}},"line":51}},"branchMap":{"0":{"loc":{"start":{"line":42,"column":6},"end":{"line":43,"column":72}},"type":"if","locations":[{"start":{"line":42,"column":6},"end":{"line":43,"column":72}},{"start":{},"end":{}}],"line":42}},"s":{"0":1,"1":1,"2":1,"3":1,"4":1,"5":1,"6":1,"7":1,"8":1,"9":1,"10":1,"11":1,"12":1,"13":1,"14":1,"15":1,"16":0,"17":0,"18":0,"19":0,"20":0,"21":0,"22":0,"23":0,"24":0,"25":1,"26":0,"27":0,"28":0,"29":1},"f":{"0":1,"1":1,"2":1,"3":0,"4":0},"b":{"0":[0,0]},"_coverageSchema":"1a1c01bbd47fc00a2c39e90264f33305004495a9","hash":"74c75defdc87b56297c1dff7fe28db46466eb323"}
,"D:\\kevin\\Documents\\Cosas_kevin\\Semestre 7\\Desarrollo_2\\Trabajo_final_DS2\\DS2-Restaurant-Backend\\src\\routes\\route.js": {"path":"D:\\kevin\\Documents\\Cosas_kevin\\Semestre 7\\Desarrollo_2\\Trabajo_final_DS2\\DS2-Restaurant-Backend\\src\\routes\\route.js","statementMap":{"0":{"start":{"line":1,"column":19},"end":{"line":1,"column":37}},"1":{"start":{"line":2,"column":15},"end":{"line":2,"column":23}},"2":{"start":{"line":5,"column":91},"end":{"line":5,"column":120}},"3":{"start":{"line":8,"column":54},"end":{"line":8,"column":85}},"4":{"start":{"line":10,"column":44},"end":{"line":10,"column":77}},"5":{"start":{"line":13,"column":0},"end":{"line":13,"column":50}},"6":{"start":{"line":14,"column":0},"end":{"line":14,"column":38}},"7":{"start":{"line":15,"column":0},"end":{"line":15,"column":47}},"8":{"start":{"line":18,"column":0},"end":{"line":18,"column":54}},"9":{"start":{"line":19,"column":0},"end":{"line":19,"column":41}},"10":{"start":{"line":22,"column":0},"end":{"line":22,"column":51}},"11":{"start":{"line":23,"column":0},"end":{"line":23,"column":38}},"12":{"start":{"line":24,"column":0},"end":{"line":24,"column":51}},"13":{"start":{"line":25,"column":0},"end":{"line":25,"column":52}},"14":{"start":{"line":26,"column":0},"end":{"line":26,"column":54}},"15":{"start":{"line":31,"column":0},"end":{"line":31,"column":24}}},"fnMap":{},"branchMap":{},"s":{"0":1,"1":1,"2":1,"3":1,"4":1,"5":1,"6":1,"7":1,"8":1,"9":1,"10":1,"11":1,"12":1,"13":1,"14":1,"15":1},"f":{},"b":{},"_coverageSchema":"1a1c01bbd47fc00a2c39e90264f33305004495a9","hash":"b30a355f693d3fa2dc0e1db595dc9df2e5871e56"}
}
