{"D:\\kevin\\Documents\\Cosas_kevin\\Semestre 7\\Desarrollo_2\\Trabajo_final_DS2\\DS2-Restaurant-Backend\\src\\index.js": {"path":"D:\\kevin\\Documents\\Cosas_kevin\\Semestre 7\\Desarrollo_2\\Trabajo_final_DS2\\DS2-Restaurant-Backend\\src\\index.js","statementMap":{"0":{"start":{"line":1,"column":16},"end":{"line":1,"column":34}},"1":{"start":{"line":2,"column":0},"end":{"line":2,"column":27}},"2":{"start":{"line":3,"column":13},"end":{"line":3,"column":28}},"3":{"start":{"line":4,"column":15},"end":{"line":4,"column":43}},"4":{"start":{"line":5,"column":19},"end":{"line":5,"column":32}},"5":{"start":{"line":6,"column":14},"end":{"line":6,"column":39}},"6":{"start":{"line":9,"column":12},"end":{"line":9,"column":21}},"7":{"start":{"line":13,"column":0},"end":{"line":26,"column":7}},"8":{"start":{"line":14,"column":19},"end":{"line":21,"column":6}},"9":{"start":{"line":22,"column":4},"end":{"line":22,"column":27}},"10":{"start":{"line":23,"column":16},"end":{"line":23,"column":106}},"11":{"start":{"line":24,"column":4},"end":{"line":24,"column":39}},"12":{"start":{"line":25,"column":4},"end":{"line":25,"column":23}},"13":{"start":{"line":28,"column":13},"end":{"line":28,"column":37}},"14":{"start":{"line":32,"column":0},"end":{"line":32,"column":22}},"15":{"start":{"line":34,"column":0},"end":{"line":34,"column":16}},"16":{"start":{"line":35,"column":0},"end":{"line":35,"column":24}},"17":{"start":{"line":37,"column":0},"end":{"line":39,"column":3}},"18":{"start":{"line":38,"column":4},"end":{"line":38,"column":31}},"19":{"start":{"line":41,"column":15},"end":{"line":41,"column":88}},"20":{"start":{"line":41,"column":39},"end":{"line":41,"column":85}},"21":{"start":{"line":43,"column":0},"end":{"line":43,"column":32}}},"fnMap":{"0":{"name":"(anonymous_0)","decl":{"start":{"line":13,"column":1},"end":{"line":13,"column":2}},"loc":{"start":{"line":13,"column":13},"end":{"line":26,"column":3}},"line":13},"1":{"name":"(anonymous_1)","decl":{"start":{"line":37,"column":13},"end":{"line":37,"column":14}},"loc":{"start":{"line":37,"column":26},"end":{"line":39,"column":1}},"line":37},"2":{"name":"(anonymous_2)","decl":{"start":{"line":41,"column":32},"end":{"line":41,"column":33}},"loc":{"start":{"line":41,"column":38},"end":{"line":41,"column":87}},"line":41}},"branchMap":{"0":{"loc":{"start":{"line":28,"column":13},"end":{"line":28,"column":37}},"type":"binary-expr","locations":[{"start":{"line":28,"column":13},"end":{"line":28,"column":29}},{"start":{"line":28,"column":33},"end":{"line":28,"column":37}}],"line":28}},"s":{"0":1,"1":1,"2":1,"3":1,"4":1,"5":1,"6":1,"7":1,"8":1,"9":1,"10":1,"11":1,"12":1,"13":1,"14":1,"15":1,"16":1,"17":1,"18":0,"19":1,"20":1,"21":1},"f":{"0":1,"1":0,"2":1},"b":{"0":[1,1]},"_coverageSchema":"1a1c01bbd47fc00a2c39e90264f33305004495a9","hash":"2b1824c27d14036512ac03fe02a7e885ef3b12b5"}
,"D:\\kevin\\Documents\\Cosas_kevin\\Semestre 7\\Desarrollo_2\\Trabajo_final_DS2\\DS2-Restaurant-Backend\\src\\config\\database.js": {"path":"D:\\kevin\\Documents\\Cosas_kevin\\Semestre 7\\Desarrollo_2\\Trabajo_final_DS2\\DS2-Restaurant-Backend\\src\\config\\database.js","statementMap":{"0":{"start":{"line":1,"column":0},"end":{"line":1,"column":27}},"1":{"start":{"line":3,"column":15},"end":{"line":11,"column":1}},"2":{"start":{"line":16,"column":0},"end":{"line":16,"column":28}}},"fnMap":{},"branchMap":{"0":{"loc":{"start":{"line":4,"column":7},"end":{"line":4,"column":36}},"type":"binary-expr","locations":[{"start":{"line":4,"column":7},"end":{"line":4,"column":27}},{"start":{"line":4,"column":31},"end":{"line":4,"column":36}}],"line":4},"1":{"loc":{"start":{"line":5,"column":8},"end":{"line":5,"column":32}},"type":"binary-expr","locations":[{"start":{"line":5,"column":8},"end":{"line":5,"column":24}},{"start":{"line":5,"column":28},"end":{"line":5,"column":32}}],"line":5}},"s":{"0":1,"1":1,"2":1},"f":{},"b":{"0":[1,0],"1":[1,1]},"_coverageSchema":"1a1c01bbd47fc00a2c39e90264f33305004495a9","hash":"823469f471b88b247fb1aa8180e66e6ad49bd73b"}
,"D:\\kevin\\Documents\\Cosas_kevin\\Semestre 7\\Desarrollo_2\\Trabajo_final_DS2\\DS2-Restaurant-Backend\\src\\controller\\orders.js": {"path":"D:\\kevin\\Documents\\Cosas_kevin\\Semestre 7\\Desarrollo_2\\Trabajo_final_DS2\\DS2-Restaurant-Backend\\src\\controller\\orders.js","statementMap":{"0":{"start":{"line":1,"column":17},"end":{"line":1,"column":30}},"1":{"start":{"line":3,"column":13},"end":{"line":10,"column":2}},"2":{"start":{"line":12,"column":21},"end":{"line":15,"column":1}},"3":{"start":{"line":13,"column":21},"end":{"line":13,"column":84}},"4":{"start":{"line":14,"column":4},"end":{"line":14,"column":40}},"5":{"start":{"line":21,"column":0},"end":{"line":25,"column":2}}},"fnMap":{"0":{"name":"(anonymous_0)","decl":{"start":{"line":12,"column":21},"end":{"line":12,"column":22}},"loc":{"start":{"line":12,"column":41},"end":{"line":15,"column":1}},"line":12}},"branchMap":{},"s":{"0":1,"1":1,"2":1,"3":1,"4":1,"5":1},"f":{"0":1},"b":{},"_coverageSchema":"1a1c01bbd47fc00a2c39e90264f33305004495a9","hash":"923d353faf19c301dc7435e980e362dfe804249f"}
,"D:\\kevin\\Documents\\Cosas_kevin\\Semestre 7\\Desarrollo_2\\Trabajo_final_DS2\\DS2-Restaurant-Backend\\src\\controller\\products.js": {"path":"D:\\kevin\\Documents\\Cosas_kevin\\Semestre 7\\Desarrollo_2\\Trabajo_final_DS2\\DS2-Restaurant-Backend\\src\\controller\\products.js","statementMap":{"0":{"start":{"line":1,"column":17},"end":{"line":1,"column":30}},"1":{"start":{"line":3,"column":13},"end":{"line":10,"column":2}},"2":{"start":{"line":12,"column":23},"end":{"line":15,"column":1}},"3":{"start":{"line":13,"column":21},"end":{"line":13,"column":89}},"4":{"start":{"line":14,"column":4},"end":{"line":14,"column":40}},"5":{"start":{"line":17,"column":26},"end":{"line":26,"column":1}},"6":{"start":{"line":18,"column":28},"end":{"line":18,"column":36}},"7":{"start":{"line":19,"column":21},"end":{"line":19,"column":106}},"8":{"start":{"line":20,"column":4},"end":{"line":25,"column":6}},"9":{"start":{"line":27,"column":0},"end":{"line":30,"column":2}}},"fnMap":{"0":{"name":"(anonymous_0)","decl":{"start":{"line":12,"column":23},"end":{"line":12,"column":24}},"loc":{"start":{"line":12,"column":43},"end":{"line":15,"column":1}},"line":12},"1":{"name":"(anonymous_1)","decl":{"start":{"line":17,"column":26},"end":{"line":17,"column":27}},"loc":{"start":{"line":17,"column":46},"end":{"line":26,"column":1}},"line":17}},"branchMap":{},"s":{"0":1,"1":1,"2":1,"3":1,"4":1,"5":1,"6":0,"7":0,"8":0,"9":1},"f":{"0":1,"1":0},"b":{},"_coverageSchema":"1a1c01bbd47fc00a2c39e90264f33305004495a9","hash":"07bca6877d3bad907ee36015d6eaca0436b0b6a6"}
,"D:\\kevin\\Documents\\Cosas_kevin\\Semestre 7\\Desarrollo_2\\Trabajo_final_DS2\\DS2-Restaurant-Backend\\src\\controller\\user.js": {"path":"D:\\kevin\\Documents\\Cosas_kevin\\Semestre 7\\Desarrollo_2\\Trabajo_final_DS2\\DS2-Restaurant-Backend\\src\\controller\\user.js","statementMap":{"0":{"start":{"line":1,"column":17},"end":{"line":1,"column":30}},"1":{"start":{"line":3,"column":13},"end":{"line":10,"column":2}},"2":{"start":{"line":12,"column":25},"end":{"line":21,"column":1}},"3":{"start":{"line":13,"column":28},"end":{"line":13,"column":36}},"4":{"start":{"line":14,"column":21},"end":{"line":14,"column":106}},"5":{"start":{"line":15,"column":4},"end":{"line":20,"column":6}},"6":{"start":{"line":23,"column":0},"end":{"line":26,"column":1}}},"fnMap":{"0":{"name":"(anonymous_0)","decl":{"start":{"line":12,"column":25},"end":{"line":12,"column":26}},"loc":{"start":{"line":12,"column":45},"end":{"line":21,"column":1}},"line":12}},"branchMap":{},"s":{"0":1,"1":1,"2":1,"3":0,"4":0,"5":0,"6":1},"f":{"0":0},"b":{},"_coverageSchema":"1a1c01bbd47fc00a2c39e90264f33305004495a9","hash":"c01961cf85bc36b016664ea890a2397a62e7109d"}
,"D:\\kevin\\Documents\\Cosas_kevin\\Semestre 7\\Desarrollo_2\\Trabajo_final_DS2\\DS2-Restaurant-Backend\\src\\routes\\route.js": {"path":"D:\\kevin\\Documents\\Cosas_kevin\\Semestre 7\\Desarrollo_2\\Trabajo_final_DS2\\DS2-Restaurant-Backend\\src\\routes\\route.js","statementMap":{"0":{"start":{"line":1,"column":19},"end":{"line":1,"column":37}},"1":{"start":{"line":2,"column":15},"end":{"line":2,"column":23}},"2":{"start":{"line":5,"column":27},"end":{"line":5,"column":56}},"3":{"start":{"line":8,"column":23},"end":{"line":8,"column":54}},"4":{"start":{"line":10,"column":44},"end":{"line":10,"column":77}},"5":{"start":{"line":12,"column":0},"end":{"line":12,"column":38}},"6":{"start":{"line":13,"column":0},"end":{"line":13,"column":41}},"7":{"start":{"line":14,"column":0},"end":{"line":14,"column":51}},"8":{"start":{"line":15,"column":0},"end":{"line":15,"column":54}},"9":{"start":{"line":19,"column":0},"end":{"line":19,"column":24}}},"fnMap":{},"branchMap":{},"s":{"0":1,"1":1,"2":1,"3":1,"4":1,"5":1,"6":1,"7":1,"8":1,"9":1},"f":{},"b":{},"_coverageSchema":"1a1c01bbd47fc00a2c39e90264f33305004495a9","hash":"2ed8689c37174abb54fd6040937002898629dd9b"}
}
